{"D:\\NodeJS\\nodejs-project\\src\\model\\index.js": {"path":"D:\\NodeJS\\nodejs-project\\src\\model\\index.js","statementMap":{"0":{"start":{"line":3,"column":19},"end":{"line":12,"column":2}},"1":{"start":{"line":14,"column":20},"end":{"line":14,"column":54}},"2":{"start":{"line":16,"column":18},"end":{"line":23,"column":2}},"3":{"start":{"line":25,"column":19},"end":{"line":25,"column":51}}},"fnMap":{},"branchMap":{},"s":{"0":1,"1":1,"2":1,"3":1},"f":{},"b":{},"_coverageSchema":"1a1c01bbd47fc00a2c39e90264f33305004495a9","hash":"1bb4f56623d9985e9dd21cfe30e33dd7d6df6866"}
}
